2024-08-16  14:08:24 [scheduling-1] com.bookshop.book_shop_management.service.impl.ReactServiceIMPL INFO  c.b.b.service.impl.ReactServiceIMPL -  React Table Empty!
2024-08-16  14:08:24 [scheduling-1] com.bookshop.book_shop_management.service.impl.EmailServiceSchedule ERROR c.b.b.s.impl.EmailServiceSchedule -  There Is Not Valid Email
2024-08-16  14:08:28 [http-nio-8083-exec-10] com.bookshop.book_shop_management.service.impl.BookServiceIMPL INFO  c.b.b.service.impl.BookServiceIMPL -  Book saved 
2024-08-16  14:08:28 [http-nio-8083-exec-10] com.bookshop.book_shop_management.controller.BookController INFO  c.b.b.controller.BookController -  Book added: 
2024-08-16  14:08:35 [http-nio-8083-exec-1] com.bookshop.book_shop_management.service.impl.BookServiceIMPL INFO  c.b.b.service.impl.BookServiceIMPL -  Book saved 
2024-08-16  14:08:35 [http-nio-8083-exec-1] com.bookshop.book_shop_management.controller.BookController INFO  c.b.b.controller.BookController -  Book added: 
2024-08-16  14:08:44 [scheduling-1] com.bookshop.book_shop_management.service.impl.ReactServiceIMPL INFO  c.b.b.service.impl.ReactServiceIMPL -  React Table Empty!
2024-08-16  14:08:44 [scheduling-1] com.bookshop.book_shop_management.service.impl.EmailServiceSchedule ERROR c.b.b.s.impl.EmailServiceSchedule -  There Is Not Valid Email
2024-08-16  14:08:48 [http-nio-8083-exec-8] org.apache.juli.logging.DirectJDKLog ERROR o.a.c.c.C.[.[.[.[dispatcherServlet] -  Servlet.service() for servlet [dispatcherServlet] in context with path [] threw exception [Request processing failed: net.sf.jasperreports.engine.JRRuntimeException: Key contain only alphanumeric characters is duplicated in pie dataset.] with root cause
net.sf.jasperreports.engine.JRRuntimeException: Key contain only alphanumeric characters is duplicated in pie dataset.
	at net.sf.jasperreports.charts.fill.JRFillPieDataset.customIncrement(JRFillPieDataset.java:232)
	at net.sf.jasperreports.engine.fill.JRFillElementDataset.increment(JRFillElementDataset.java:201)
	at net.sf.jasperreports.engine.fill.JRCalculator.calculateVariables(JRCalculator.java:219)
	at net.sf.jasperreports.engine.fill.JRFillDatasetRun.detail(JRFillDatasetRun.java:361)
	at net.sf.jasperreports.engine.fill.JRFillDatasetRun.iterate(JRFillDatasetRun.java:312)
	at net.sf.jasperreports.engine.fill.JRFillDatasetRun.evaluate(JRFillDatasetRun.java:251)
	at net.sf.jasperreports.engine.fill.JRFillElementDataset.evaluateDatasetRun(JRFillElementDataset.java:249)
	at net.sf.jasperreports.engine.fill.JRFillChart.evaluateDatasetRun(JRFillChart.java:1440)
	at net.sf.jasperreports.engine.fill.JRFillChart.evaluateChart(JRFillChart.java:836)
	at net.sf.jasperreports.engine.fill.JRFillChart.evaluateRenderer(JRFillChart.java:813)
	at net.sf.jasperreports.engine.fill.JRFillChart.resolveElement(JRFillChart.java:1418)
	at net.sf.jasperreports.engine.fill.JRFillElement.performDelayedEvaluation(JRFillElement.java:1259)
	at net.sf.jasperreports.engine.fill.JRFillElement.resolveElement(JRFillElement.java:1361)
	at net.sf.jasperreports.engine.fill.ElementEvaluationAction.execute(ElementEvaluationAction.java:69)
	at net.sf.jasperreports.engine.fill.DelayedFillActions.runActions(DelayedFillActions.java:270)
	at net.sf.jasperreports.engine.fill.BaseReportFiller.resolveBoundElements(BaseReportFiller.java:852)
	at net.sf.jasperreports.engine.fill.JRBaseFiller.resolveReportBoundElements(JRBaseFiller.java:1218)
	at net.sf.jasperreports.engine.fill.JRVerticalFiller.fillSummary(JRVerticalFiller.java:1239)
	at net.sf.jasperreports.engine.fill.JRVerticalFiller.fillReportEnd(JRVerticalFiller.java:309)
	at net.sf.jasperreports.engine.fill.JRVerticalFiller.fillReport(JRVerticalFiller.java:126)
	at net.sf.jasperreports.engine.fill.JRBaseFiller.fill(JRBaseFiller.java:631)
	at net.sf.jasperreports.engine.fill.BaseReportFiller.fill(BaseReportFiller.java:435)
	at net.sf.jasperreports.engine.fill.JRFiller.fill(JRFiller.java:162)
	at net.sf.jasperreports.engine.fill.JRFiller.fill(JRFiller.java:145)
	at net.sf.jasperreports.engine.JasperFillManager.fill(JasperFillManager.java:758)
	at net.sf.jasperreports.engine.JasperFillManager.fillReport(JasperFillManager.java:1074)
	at com.bookshop.book_shop_management.service.impl.BookServiceIMPL.generateReportPdf(BookServiceIMPL.java:218)
	at com.bookshop.book_shop_management.controller.BookController.getBookPdf(BookController.java:84)
	at java.base/jdk.internal.reflect.NativeMethodAccessorImpl.invoke0(Native Method)
	at java.base/jdk.internal.reflect.NativeMethodAccessorImpl.invoke(NativeMethodAccessorImpl.java:77)
	at java.base/jdk.internal.reflect.DelegatingMethodAccessorImpl.invoke(DelegatingMethodAccessorImpl.java:43)
	at java.base/java.lang.reflect.Method.invoke(Method.java:568)
	at org.springframework.aop.support.AopUtils.invokeJoinpointUsingReflection(AopUtils.java:354)
	at org.springframework.aop.framework.ReflectiveMethodInvocation.invokeJoinpoint(ReflectiveMethodInvocation.java:196)
	at org.springframework.aop.framework.ReflectiveMethodInvocation.proceed(ReflectiveMethodInvocation.java:163)
	at org.springframework.aop.framework.CglibAopProxy$CglibMethodInvocation.proceed(CglibAopProxy.java:768)
	at org.springframework.validation.beanvalidation.MethodValidationInterceptor.invoke(MethodValidationInterceptor.java:174)
	at org.springframework.aop.framework.ReflectiveMethodInvocation.proceed(ReflectiveMethodInvocation.java:184)
	at org.springframework.aop.framework.CglibAopProxy$CglibMethodInvocation.proceed(CglibAopProxy.java:768)
	at org.springframework.aop.framework.CglibAopProxy$DynamicAdvisedInterceptor.intercept(CglibAopProxy.java:720)
	at com.bookshop.book_shop_management.controller.BookController$$SpringCGLIB$$0.getBookPdf(<generated>)
	at java.base/jdk.internal.reflect.NativeMethodAccessorImpl.invoke0(Native Method)
	at java.base/jdk.internal.reflect.NativeMethodAccessorImpl.invoke(NativeMethodAccessorImpl.java:77)
	at java.base/jdk.internal.reflect.DelegatingMethodAccessorImpl.invoke(DelegatingMethodAccessorImpl.java:43)
	at java.base/java.lang.reflect.Method.invoke(Method.java:568)
	at org.springframework.web.method.support.InvocableHandlerMethod.doInvoke(InvocableHandlerMethod.java:255)
	at org.springframework.web.method.support.InvocableHandlerMethod.invokeForRequest(InvocableHandlerMethod.java:188)
	at org.springframework.web.servlet.mvc.method.annotation.ServletInvocableHandlerMethod.invokeAndHandle(ServletInvocableHandlerMethod.java:118)
	at org.springframework.web.servlet.mvc.method.annotation.RequestMappingHandlerAdapter.invokeHandlerMethod(RequestMappingHandlerAdapter.java:926)
	at org.springframework.web.servlet.mvc.method.annotation.RequestMappingHandlerAdapter.handleInternal(RequestMappingHandlerAdapter.java:831)
	at org.springframework.web.servlet.mvc.method.AbstractHandlerMethodAdapter.handle(AbstractHandlerMethodAdapter.java:87)
	at org.springframework.web.servlet.DispatcherServlet.doDispatch(DispatcherServlet.java:1089)
	at org.springframework.web.servlet.DispatcherServlet.doService(DispatcherServlet.java:979)
	at org.springframework.web.servlet.FrameworkServlet.processRequest(FrameworkServlet.java:1014)
	at org.springframework.web.servlet.FrameworkServlet.doGet(FrameworkServlet.java:903)
	at jakarta.servlet.http.HttpServlet.service(HttpServlet.java:564)
	at org.springframework.web.servlet.FrameworkServlet.service(FrameworkServlet.java:885)
	at jakarta.servlet.http.HttpServlet.service(HttpServlet.java:658)
	at org.apache.catalina.core.ApplicationFilterChain.internalDoFilter(ApplicationFilterChain.java:195)
	at org.apache.catalina.core.ApplicationFilterChain.doFilter(ApplicationFilterChain.java:140)
	at org.apache.tomcat.websocket.server.WsFilter.doFilter(WsFilter.java:51)
	at org.apache.catalina.core.ApplicationFilterChain.internalDoFilter(ApplicationFilterChain.java:164)
	at org.apache.catalina.core.ApplicationFilterChain.doFilter(ApplicationFilterChain.java:140)
	at org.springframework.web.filter.RequestContextFilter.doFilterInternal(RequestContextFilter.java:100)
	at org.springframework.web.filter.OncePerRequestFilter.doFilter(OncePerRequestFilter.java:116)
	at org.apache.catalina.core.ApplicationFilterChain.internalDoFilter(ApplicationFilterChain.java:164)
	at org.apache.catalina.core.ApplicationFilterChain.doFilter(ApplicationFilterChain.java:140)
	at org.springframework.web.filter.FormContentFilter.doFilterInternal(FormContentFilter.java:93)
	at org.springframework.web.filter.OncePerRequestFilter.doFilter(OncePerRequestFilter.java:116)
	at org.apache.catalina.core.ApplicationFilterChain.internalDoFilter(ApplicationFilterChain.java:164)
	at org.apache.catalina.core.ApplicationFilterChain.doFilter(ApplicationFilterChain.java:140)
	at org.springframework.web.filter.CharacterEncodingFilter.doFilterInternal(CharacterEncodingFilter.java:201)
	at org.springframework.web.filter.OncePerRequestFilter.doFilter(OncePerRequestFilter.java:116)
	at org.apache.catalina.core.ApplicationFilterChain.internalDoFilter(ApplicationFilterChain.java:164)
	at org.apache.catalina.core.ApplicationFilterChain.doFilter(ApplicationFilterChain.java:140)
	at org.apache.catalina.core.StandardWrapperValve.invoke(StandardWrapperValve.java:167)
	at org.apache.catalina.core.StandardContextValve.invoke(StandardContextValve.java:90)
	at org.apache.catalina.authenticator.AuthenticatorBase.invoke(AuthenticatorBase.java:482)
	at org.apache.catalina.core.StandardHostValve.invoke(StandardHostValve.java:115)
	at org.apache.catalina.valves.ErrorReportValve.invoke(ErrorReportValve.java:93)
	at org.apache.catalina.core.StandardEngineValve.invoke(StandardEngineValve.java:74)
	at org.apache.catalina.connector.CoyoteAdapter.service(CoyoteAdapter.java:344)
	at org.apache.coyote.http11.Http11Processor.service(Http11Processor.java:389)
	at org.apache.coyote.AbstractProcessorLight.process(AbstractProcessorLight.java:63)
	at org.apache.coyote.AbstractProtocol$ConnectionHandler.process(AbstractProtocol.java:904)
	at org.apache.tomcat.util.net.NioEndpoint$SocketProcessor.doRun(NioEndpoint.java:1741)
	at org.apache.tomcat.util.net.SocketProcessorBase.run(SocketProcessorBase.java:52)
	at org.apache.tomcat.util.threads.ThreadPoolExecutor.runWorker(ThreadPoolExecutor.java:1190)
	at org.apache.tomcat.util.threads.ThreadPoolExecutor$Worker.run(ThreadPoolExecutor.java:659)
	at org.apache.tomcat.util.threads.TaskThread$WrappingRunnable.run(TaskThread.java:63)
	at java.base/java.lang.Thread.run(Thread.java:842)
2024-08-16  14:08:56 [http-nio-8083-exec-2] org.apache.juli.logging.DirectJDKLog ERROR o.a.c.c.C.[.[.[.[dispatcherServlet] -  Servlet.service() for servlet [dispatcherServlet] in context with path [] threw exception [Request processing failed: net.sf.jasperreports.engine.JRRuntimeException: Key contain only alphanumeric characters is duplicated in pie dataset.] with root cause
net.sf.jasperreports.engine.JRRuntimeException: Key contain only alphanumeric characters is duplicated in pie dataset.
	at net.sf.jasperreports.charts.fill.JRFillPieDataset.customIncrement(JRFillPieDataset.java:232)
	at net.sf.jasperreports.engine.fill.JRFillElementDataset.increment(JRFillElementDataset.java:201)
	at net.sf.jasperreports.engine.fill.JRCalculator.calculateVariables(JRCalculator.java:219)
	at net.sf.jasperreports.engine.fill.JRFillDatasetRun.detail(JRFillDatasetRun.java:361)
	at net.sf.jasperreports.engine.fill.JRFillDatasetRun.iterate(JRFillDatasetRun.java:312)
	at net.sf.jasperreports.engine.fill.JRFillDatasetRun.evaluate(JRFillDatasetRun.java:251)
	at net.sf.jasperreports.engine.fill.JRFillElementDataset.evaluateDatasetRun(JRFillElementDataset.java:249)
	at net.sf.jasperreports.engine.fill.JRFillChart.evaluateDatasetRun(JRFillChart.java:1440)
	at net.sf.jasperreports.engine.fill.JRFillChart.evaluateChart(JRFillChart.java:836)
	at net.sf.jasperreports.engine.fill.JRFillChart.evaluateRenderer(JRFillChart.java:813)
	at net.sf.jasperreports.engine.fill.JRFillChart.resolveElement(JRFillChart.java:1418)
	at net.sf.jasperreports.engine.fill.JRFillElement.performDelayedEvaluation(JRFillElement.java:1259)
	at net.sf.jasperreports.engine.fill.JRFillElement.resolveElement(JRFillElement.java:1361)
	at net.sf.jasperreports.engine.fill.ElementEvaluationAction.execute(ElementEvaluationAction.java:69)
	at net.sf.jasperreports.engine.fill.DelayedFillActions.runActions(DelayedFillActions.java:270)
	at net.sf.jasperreports.engine.fill.BaseReportFiller.resolveBoundElements(BaseReportFiller.java:852)
	at net.sf.jasperreports.engine.fill.JRBaseFiller.resolveReportBoundElements(JRBaseFiller.java:1218)
	at net.sf.jasperreports.engine.fill.JRVerticalFiller.fillSummary(JRVerticalFiller.java:1239)
	at net.sf.jasperreports.engine.fill.JRVerticalFiller.fillReportEnd(JRVerticalFiller.java:309)
	at net.sf.jasperreports.engine.fill.JRVerticalFiller.fillReport(JRVerticalFiller.java:126)
	at net.sf.jasperreports.engine.fill.JRBaseFiller.fill(JRBaseFiller.java:631)
	at net.sf.jasperreports.engine.fill.BaseReportFiller.fill(BaseReportFiller.java:435)
	at net.sf.jasperreports.engine.fill.JRFiller.fill(JRFiller.java:162)
	at net.sf.jasperreports.engine.fill.JRFiller.fill(JRFiller.java:145)
	at net.sf.jasperreports.engine.JasperFillManager.fill(JasperFillManager.java:758)
	at net.sf.jasperreports.engine.JasperFillManager.fillReport(JasperFillManager.java:1074)
	at com.bookshop.book_shop_management.service.impl.BookServiceIMPL.generateReportPdf(BookServiceIMPL.java:218)
	at com.bookshop.book_shop_management.controller.BookController.getBookPdf(BookController.java:84)
	at java.base/jdk.internal.reflect.NativeMethodAccessorImpl.invoke0(Native Method)
	at java.base/jdk.internal.reflect.NativeMethodAccessorImpl.invoke(NativeMethodAccessorImpl.java:77)
	at java.base/jdk.internal.reflect.DelegatingMethodAccessorImpl.invoke(DelegatingMethodAccessorImpl.java:43)
	at java.base/java.lang.reflect.Method.invoke(Method.java:568)
	at org.springframework.aop.support.AopUtils.invokeJoinpointUsingReflection(AopUtils.java:354)
	at org.springframework.aop.framework.ReflectiveMethodInvocation.invokeJoinpoint(ReflectiveMethodInvocation.java:196)
	at org.springframework.aop.framework.ReflectiveMethodInvocation.proceed(ReflectiveMethodInvocation.java:163)
	at org.springframework.aop.framework.CglibAopProxy$CglibMethodInvocation.proceed(CglibAopProxy.java:768)
	at org.springframework.validation.beanvalidation.MethodValidationInterceptor.invoke(MethodValidationInterceptor.java:174)
	at org.springframework.aop.framework.ReflectiveMethodInvocation.proceed(ReflectiveMethodInvocation.java:184)
	at org.springframework.aop.framework.CglibAopProxy$CglibMethodInvocation.proceed(CglibAopProxy.java:768)
	at org.springframework.aop.framework.CglibAopProxy$DynamicAdvisedInterceptor.intercept(CglibAopProxy.java:720)
	at com.bookshop.book_shop_management.controller.BookController$$SpringCGLIB$$0.getBookPdf(<generated>)
	at java.base/jdk.internal.reflect.NativeMethodAccessorImpl.invoke0(Native Method)
	at java.base/jdk.internal.reflect.NativeMethodAccessorImpl.invoke(NativeMethodAccessorImpl.java:77)
	at java.base/jdk.internal.reflect.DelegatingMethodAccessorImpl.invoke(DelegatingMethodAccessorImpl.java:43)
	at java.base/java.lang.reflect.Method.invoke(Method.java:568)
	at org.springframework.web.method.support.InvocableHandlerMethod.doInvoke(InvocableHandlerMethod.java:255)
	at org.springframework.web.method.support.InvocableHandlerMethod.invokeForRequest(InvocableHandlerMethod.java:188)
	at org.springframework.web.servlet.mvc.method.annotation.ServletInvocableHandlerMethod.invokeAndHandle(ServletInvocableHandlerMethod.java:118)
	at org.springframework.web.servlet.mvc.method.annotation.RequestMappingHandlerAdapter.invokeHandlerMethod(RequestMappingHandlerAdapter.java:926)
	at org.springframework.web.servlet.mvc.method.annotation.RequestMappingHandlerAdapter.handleInternal(RequestMappingHandlerAdapter.java:831)
	at org.springframework.web.servlet.mvc.method.AbstractHandlerMethodAdapter.handle(AbstractHandlerMethodAdapter.java:87)
	at org.springframework.web.servlet.DispatcherServlet.doDispatch(DispatcherServlet.java:1089)
	at org.springframework.web.servlet.DispatcherServlet.doService(DispatcherServlet.java:979)
	at org.springframework.web.servlet.FrameworkServlet.processRequest(FrameworkServlet.java:1014)
	at org.springframework.web.servlet.FrameworkServlet.doGet(FrameworkServlet.java:903)
	at jakarta.servlet.http.HttpServlet.service(HttpServlet.java:564)
	at org.springframework.web.servlet.FrameworkServlet.service(FrameworkServlet.java:885)
	at jakarta.servlet.http.HttpServlet.service(HttpServlet.java:658)
	at org.apache.catalina.core.ApplicationFilterChain.internalDoFilter(ApplicationFilterChain.java:195)
	at org.apache.catalina.core.ApplicationFilterChain.doFilter(ApplicationFilterChain.java:140)
	at org.apache.tomcat.websocket.server.WsFilter.doFilter(WsFilter.java:51)
	at org.apache.catalina.core.ApplicationFilterChain.internalDoFilter(ApplicationFilterChain.java:164)
	at org.apache.catalina.core.ApplicationFilterChain.doFilter(ApplicationFilterChain.java:140)
	at org.springframework.web.filter.RequestContextFilter.doFilterInternal(RequestContextFilter.java:100)
	at org.springframework.web.filter.OncePerRequestFilter.doFilter(OncePerRequestFilter.java:116)
	at org.apache.catalina.core.ApplicationFilterChain.internalDoFilter(ApplicationFilterChain.java:164)
	at org.apache.catalina.core.ApplicationFilterChain.doFilter(ApplicationFilterChain.java:140)
	at org.springframework.web.filter.FormContentFilter.doFilterInternal(FormContentFilter.java:93)
	at org.springframework.web.filter.OncePerRequestFilter.doFilter(OncePerRequestFilter.java:116)
	at org.apache.catalina.core.ApplicationFilterChain.internalDoFilter(ApplicationFilterChain.java:164)
	at org.apache.catalina.core.ApplicationFilterChain.doFilter(ApplicationFilterChain.java:140)
	at org.springframework.web.filter.CharacterEncodingFilter.doFilterInternal(CharacterEncodingFilter.java:201)
	at org.springframework.web.filter.OncePerRequestFilter.doFilter(OncePerRequestFilter.java:116)
	at org.apache.catalina.core.ApplicationFilterChain.internalDoFilter(ApplicationFilterChain.java:164)
	at org.apache.catalina.core.ApplicationFilterChain.doFilter(ApplicationFilterChain.java:140)
	at org.apache.catalina.core.StandardWrapperValve.invoke(StandardWrapperValve.java:167)
	at org.apache.catalina.core.StandardContextValve.invoke(StandardContextValve.java:90)
	at org.apache.catalina.authenticator.AuthenticatorBase.invoke(AuthenticatorBase.java:482)
	at org.apache.catalina.core.StandardHostValve.invoke(StandardHostValve.java:115)
	at org.apache.catalina.valves.ErrorReportValve.invoke(ErrorReportValve.java:93)
	at org.apache.catalina.core.StandardEngineValve.invoke(StandardEngineValve.java:74)
	at org.apache.catalina.connector.CoyoteAdapter.service(CoyoteAdapter.java:344)
	at org.apache.coyote.http11.Http11Processor.service(Http11Processor.java:389)
	at org.apache.coyote.AbstractProcessorLight.process(AbstractProcessorLight.java:63)
	at org.apache.coyote.AbstractProtocol$ConnectionHandler.process(AbstractProtocol.java:904)
	at org.apache.tomcat.util.net.NioEndpoint$SocketProcessor.doRun(NioEndpoint.java:1741)
	at org.apache.tomcat.util.net.SocketProcessorBase.run(SocketProcessorBase.java:52)
	at org.apache.tomcat.util.threads.ThreadPoolExecutor.runWorker(ThreadPoolExecutor.java:1190)
	at org.apache.tomcat.util.threads.ThreadPoolExecutor$Worker.run(ThreadPoolExecutor.java:659)
	at org.apache.tomcat.util.threads.TaskThread$WrappingRunnable.run(TaskThread.java:63)
	at java.base/java.lang.Thread.run(Thread.java:842)
2024-09-16  14:09:00 [http-nio-8083-exec-4] org.apache.juli.logging.DirectJDKLog ERROR o.a.c.c.C.[.[.[.[dispatcherServlet] -  Servlet.service() for servlet [dispatcherServlet] in context with path [] threw exception [Request processing failed: net.sf.jasperreports.engine.JRRuntimeException: Key contain only alphanumeric characters is duplicated in pie dataset.] with root cause
net.sf.jasperreports.engine.JRRuntimeException: Key contain only alphanumeric characters is duplicated in pie dataset.
	at net.sf.jasperreports.charts.fill.JRFillPieDataset.customIncrement(JRFillPieDataset.java:232)
	at net.sf.jasperreports.engine.fill.JRFillElementDataset.increment(JRFillElementDataset.java:201)
	at net.sf.jasperreports.engine.fill.JRCalculator.calculateVariables(JRCalculator.java:219)
	at net.sf.jasperreports.engine.fill.JRFillDatasetRun.detail(JRFillDatasetRun.java:361)
	at net.sf.jasperreports.engine.fill.JRFillDatasetRun.iterate(JRFillDatasetRun.java:312)
	at net.sf.jasperreports.engine.fill.JRFillDatasetRun.evaluate(JRFillDatasetRun.java:251)
	at net.sf.jasperreports.engine.fill.JRFillElementDataset.evaluateDatasetRun(JRFillElementDataset.java:249)
	at net.sf.jasperreports.engine.fill.JRFillChart.evaluateDatasetRun(JRFillChart.java:1440)
	at net.sf.jasperreports.engine.fill.JRFillChart.evaluateChart(JRFillChart.java:836)
	at net.sf.jasperreports.engine.fill.JRFillChart.evaluateRenderer(JRFillChart.java:813)
	at net.sf.jasperreports.engine.fill.JRFillChart.resolveElement(JRFillChart.java:1418)
	at net.sf.jasperreports.engine.fill.JRFillElement.performDelayedEvaluation(JRFillElement.java:1259)
	at net.sf.jasperreports.engine.fill.JRFillElement.resolveElement(JRFillElement.java:1361)
	at net.sf.jasperreports.engine.fill.ElementEvaluationAction.execute(ElementEvaluationAction.java:69)
	at net.sf.jasperreports.engine.fill.DelayedFillActions.runActions(DelayedFillActions.java:270)
	at net.sf.jasperreports.engine.fill.BaseReportFiller.resolveBoundElements(BaseReportFiller.java:852)
	at net.sf.jasperreports.engine.fill.JRBaseFiller.resolveReportBoundElements(JRBaseFiller.java:1218)
	at net.sf.jasperreports.engine.fill.JRVerticalFiller.fillSummary(JRVerticalFiller.java:1239)
	at net.sf.jasperreports.engine.fill.JRVerticalFiller.fillReportEnd(JRVerticalFiller.java:309)
	at net.sf.jasperreports.engine.fill.JRVerticalFiller.fillReport(JRVerticalFiller.java:126)
	at net.sf.jasperreports.engine.fill.JRBaseFiller.fill(JRBaseFiller.java:631)
	at net.sf.jasperreports.engine.fill.BaseReportFiller.fill(BaseReportFiller.java:435)
	at net.sf.jasperreports.engine.fill.JRFiller.fill(JRFiller.java:162)
	at net.sf.jasperreports.engine.fill.JRFiller.fill(JRFiller.java:145)
	at net.sf.jasperreports.engine.JasperFillManager.fill(JasperFillManager.java:758)
	at net.sf.jasperreports.engine.JasperFillManager.fillReport(JasperFillManager.java:1074)
	at com.bookshop.book_shop_management.service.impl.BookServiceIMPL.generateReportPdf(BookServiceIMPL.java:218)
	at com.bookshop.book_shop_management.controller.BookController.getBookPdf(BookController.java:84)
	at java.base/jdk.internal.reflect.NativeMethodAccessorImpl.invoke0(Native Method)
	at java.base/jdk.internal.reflect.NativeMethodAccessorImpl.invoke(NativeMethodAccessorImpl.java:77)
	at java.base/jdk.internal.reflect.DelegatingMethodAccessorImpl.invoke(DelegatingMethodAccessorImpl.java:43)
	at java.base/java.lang.reflect.Method.invoke(Method.java:568)
	at org.springframework.aop.support.AopUtils.invokeJoinpointUsingReflection(AopUtils.java:354)
	at org.springframework.aop.framework.ReflectiveMethodInvocation.invokeJoinpoint(ReflectiveMethodInvocation.java:196)
	at org.springframework.aop.framework.ReflectiveMethodInvocation.proceed(ReflectiveMethodInvocation.java:163)
	at org.springframework.aop.framework.CglibAopProxy$CglibMethodInvocation.proceed(CglibAopProxy.java:768)
	at org.springframework.validation.beanvalidation.MethodValidationInterceptor.invoke(MethodValidationInterceptor.java:174)
	at org.springframework.aop.framework.ReflectiveMethodInvocation.proceed(ReflectiveMethodInvocation.java:184)
	at org.springframework.aop.framework.CglibAopProxy$CglibMethodInvocation.proceed(CglibAopProxy.java:768)
	at org.springframework.aop.framework.CglibAopProxy$DynamicAdvisedInterceptor.intercept(CglibAopProxy.java:720)
	at com.bookshop.book_shop_management.controller.BookController$$SpringCGLIB$$0.getBookPdf(<generated>)
	at java.base/jdk.internal.reflect.NativeMethodAccessorImpl.invoke0(Native Method)
	at java.base/jdk.internal.reflect.NativeMethodAccessorImpl.invoke(NativeMethodAccessorImpl.java:77)
	at java.base/jdk.internal.reflect.DelegatingMethodAccessorImpl.invoke(DelegatingMethodAccessorImpl.java:43)
	at java.base/java.lang.reflect.Method.invoke(Method.java:568)
	at org.springframework.web.method.support.InvocableHandlerMethod.doInvoke(InvocableHandlerMethod.java:255)
	at org.springframework.web.method.support.InvocableHandlerMethod.invokeForRequest(InvocableHandlerMethod.java:188)
	at org.springframework.web.servlet.mvc.method.annotation.ServletInvocableHandlerMethod.invokeAndHandle(ServletInvocableHandlerMethod.java:118)
	at org.springframework.web.servlet.mvc.method.annotation.RequestMappingHandlerAdapter.invokeHandlerMethod(RequestMappingHandlerAdapter.java:926)
	at org.springframework.web.servlet.mvc.method.annotation.RequestMappingHandlerAdapter.handleInternal(RequestMappingHandlerAdapter.java:831)
	at org.springframework.web.servlet.mvc.method.AbstractHandlerMethodAdapter.handle(AbstractHandlerMethodAdapter.java:87)
	at org.springframework.web.servlet.DispatcherServlet.doDispatch(DispatcherServlet.java:1089)
	at org.springframework.web.servlet.DispatcherServlet.doService(DispatcherServlet.java:979)
	at org.springframework.web.servlet.FrameworkServlet.processRequest(FrameworkServlet.java:1014)
	at org.springframework.web.servlet.FrameworkServlet.doGet(FrameworkServlet.java:903)
	at jakarta.servlet.http.HttpServlet.service(HttpServlet.java:564)
	at org.springframework.web.servlet.FrameworkServlet.service(FrameworkServlet.java:885)
	at jakarta.servlet.http.HttpServlet.service(HttpServlet.java:658)
	at org.apache.catalina.core.ApplicationFilterChain.internalDoFilter(ApplicationFilterChain.java:195)
	at org.apache.catalina.core.ApplicationFilterChain.doFilter(ApplicationFilterChain.java:140)
	at org.apache.tomcat.websocket.server.WsFilter.doFilter(WsFilter.java:51)
	at org.apache.catalina.core.ApplicationFilterChain.internalDoFilter(ApplicationFilterChain.java:164)
	at org.apache.catalina.core.ApplicationFilterChain.doFilter(ApplicationFilterChain.java:140)
	at org.springframework.web.filter.RequestContextFilter.doFilterInternal(RequestContextFilter.java:100)
	at org.springframework.web.filter.OncePerRequestFilter.doFilter(OncePerRequestFilter.java:116)
	at org.apache.catalina.core.ApplicationFilterChain.internalDoFilter(ApplicationFilterChain.java:164)
	at org.apache.catalina.core.ApplicationFilterChain.doFilter(ApplicationFilterChain.java:140)
	at org.springframework.web.filter.FormContentFilter.doFilterInternal(FormContentFilter.java:93)
	at org.springframework.web.filter.OncePerRequestFilter.doFilter(OncePerRequestFilter.java:116)
	at org.apache.catalina.core.ApplicationFilterChain.internalDoFilter(ApplicationFilterChain.java:164)
	at org.apache.catalina.core.ApplicationFilterChain.doFilter(ApplicationFilterChain.java:140)
	at org.springframework.web.filter.CharacterEncodingFilter.doFilterInternal(CharacterEncodingFilter.java:201)
	at org.springframework.web.filter.OncePerRequestFilter.doFilter(OncePerRequestFilter.java:116)
	at org.apache.catalina.core.ApplicationFilterChain.internalDoFilter(ApplicationFilterChain.java:164)
	at org.apache.catalina.core.ApplicationFilterChain.doFilter(ApplicationFilterChain.java:140)
	at org.apache.catalina.core.StandardWrapperValve.invoke(StandardWrapperValve.java:167)
	at org.apache.catalina.core.StandardContextValve.invoke(StandardContextValve.java:90)
	at org.apache.catalina.authenticator.AuthenticatorBase.invoke(AuthenticatorBase.java:482)
	at org.apache.catalina.core.StandardHostValve.invoke(StandardHostValve.java:115)
	at org.apache.catalina.valves.ErrorReportValve.invoke(ErrorReportValve.java:93)
	at org.apache.catalina.core.StandardEngineValve.invoke(StandardEngineValve.java:74)
	at org.apache.catalina.connector.CoyoteAdapter.service(CoyoteAdapter.java:344)
	at org.apache.coyote.http11.Http11Processor.service(Http11Processor.java:389)
	at org.apache.coyote.AbstractProcessorLight.process(AbstractProcessorLight.java:63)
	at org.apache.coyote.AbstractProtocol$ConnectionHandler.process(AbstractProtocol.java:904)
	at org.apache.tomcat.util.net.NioEndpoint$SocketProcessor.doRun(NioEndpoint.java:1741)
	at org.apache.tomcat.util.net.SocketProcessorBase.run(SocketProcessorBase.java:52)
	at org.apache.tomcat.util.threads.ThreadPoolExecutor.runWorker(ThreadPoolExecutor.java:1190)
	at org.apache.tomcat.util.threads.ThreadPoolExecutor$Worker.run(ThreadPoolExecutor.java:659)
	at org.apache.tomcat.util.threads.TaskThread$WrappingRunnable.run(TaskThread.java:63)
	at java.base/java.lang.Thread.run(Thread.java:842)
2024-09-16  14:09:04 [scheduling-1] com.bookshop.book_shop_management.service.impl.ReactServiceIMPL INFO  c.b.b.service.impl.ReactServiceIMPL -  React Table Empty!
2024-09-16  14:09:04 [scheduling-1] com.bookshop.book_shop_management.service.impl.EmailServiceSchedule ERROR c.b.b.s.impl.EmailServiceSchedule -  There Is Not Valid Email
2024-09-16  14:09:13 [http-nio-8083-exec-6] org.apache.juli.logging.DirectJDKLog ERROR o.a.c.c.C.[.[.[.[dispatcherServlet] -  Servlet.service() for servlet [dispatcherServlet] in context with path [] threw exception [Request processing failed: net.sf.jasperreports.engine.JRRuntimeException: Key contain only alphanumeric characters is duplicated in pie dataset.] with root cause
net.sf.jasperreports.engine.JRRuntimeException: Key contain only alphanumeric characters is duplicated in pie dataset.
	at net.sf.jasperreports.charts.fill.JRFillPieDataset.customIncrement(JRFillPieDataset.java:232)
	at net.sf.jasperreports.engine.fill.JRFillElementDataset.increment(JRFillElementDataset.java:201)
	at net.sf.jasperreports.engine.fill.JRCalculator.calculateVariables(JRCalculator.java:219)
	at net.sf.jasperreports.engine.fill.JRFillDatasetRun.detail(JRFillDatasetRun.java:361)
	at net.sf.jasperreports.engine.fill.JRFillDatasetRun.iterate(JRFillDatasetRun.java:312)
	at net.sf.jasperreports.engine.fill.JRFillDatasetRun.evaluate(JRFillDatasetRun.java:251)
	at net.sf.jasperreports.engine.fill.JRFillElementDataset.evaluateDatasetRun(JRFillElementDataset.java:249)
	at net.sf.jasperreports.engine.fill.JRFillChart.evaluateDatasetRun(JRFillChart.java:1440)
	at net.sf.jasperreports.engine.fill.JRFillChart.evaluateChart(JRFillChart.java:836)
	at net.sf.jasperreports.engine.fill.JRFillChart.evaluateRenderer(JRFillChart.java:813)
	at net.sf.jasperreports.engine.fill.JRFillChart.resolveElement(JRFillChart.java:1418)
	at net.sf.jasperreports.engine.fill.JRFillElement.performDelayedEvaluation(JRFillElement.java:1259)
	at net.sf.jasperreports.engine.fill.JRFillElement.resolveElement(JRFillElement.java:1361)
	at net.sf.jasperreports.engine.fill.ElementEvaluationAction.execute(ElementEvaluationAction.java:69)
	at net.sf.jasperreports.engine.fill.DelayedFillActions.runActions(DelayedFillActions.java:270)
	at net.sf.jasperreports.engine.fill.BaseReportFiller.resolveBoundElements(BaseReportFiller.java:852)
	at net.sf.jasperreports.engine.fill.JRBaseFiller.resolveReportBoundElements(JRBaseFiller.java:1218)
	at net.sf.jasperreports.engine.fill.JRVerticalFiller.fillSummary(JRVerticalFiller.java:1239)
	at net.sf.jasperreports.engine.fill.JRVerticalFiller.fillReportEnd(JRVerticalFiller.java:309)
	at net.sf.jasperreports.engine.fill.JRVerticalFiller.fillReport(JRVerticalFiller.java:126)
	at net.sf.jasperreports.engine.fill.JRBaseFiller.fill(JRBaseFiller.java:631)
	at net.sf.jasperreports.engine.fill.BaseReportFiller.fill(BaseReportFiller.java:435)
	at net.sf.jasperreports.engine.fill.JRFiller.fill(JRFiller.java:162)
	at net.sf.jasperreports.engine.fill.JRFiller.fill(JRFiller.java:145)
	at net.sf.jasperreports.engine.JasperFillManager.fill(JasperFillManager.java:758)
	at net.sf.jasperreports.engine.JasperFillManager.fillReport(JasperFillManager.java:1074)
	at com.bookshop.book_shop_management.service.impl.BookServiceIMPL.generateReportPdf(BookServiceIMPL.java:218)
	at com.bookshop.book_shop_management.controller.BookController.getBookPdf(BookController.java:84)
	at java.base/jdk.internal.reflect.NativeMethodAccessorImpl.invoke0(Native Method)
	at java.base/jdk.internal.reflect.NativeMethodAccessorImpl.invoke(NativeMethodAccessorImpl.java:77)
	at java.base/jdk.internal.reflect.DelegatingMethodAccessorImpl.invoke(DelegatingMethodAccessorImpl.java:43)
	at java.base/java.lang.reflect.Method.invoke(Method.java:568)
	at org.springframework.aop.support.AopUtils.invokeJoinpointUsingReflection(AopUtils.java:354)
	at org.springframework.aop.framework.ReflectiveMethodInvocation.invokeJoinpoint(ReflectiveMethodInvocation.java:196)
	at org.springframework.aop.framework.ReflectiveMethodInvocation.proceed(ReflectiveMethodInvocation.java:163)
	at org.springframework.aop.framework.CglibAopProxy$CglibMethodInvocation.proceed(CglibAopProxy.java:768)
	at org.springframework.validation.beanvalidation.MethodValidationInterceptor.invoke(MethodValidationInterceptor.java:174)
	at org.springframework.aop.framework.ReflectiveMethodInvocation.proceed(ReflectiveMethodInvocation.java:184)
	at org.springframework.aop.framework.CglibAopProxy$CglibMethodInvocation.proceed(CglibAopProxy.java:768)
	at org.springframework.aop.framework.CglibAopProxy$DynamicAdvisedInterceptor.intercept(CglibAopProxy.java:720)
	at com.bookshop.book_shop_management.controller.BookController$$SpringCGLIB$$0.getBookPdf(<generated>)
	at java.base/jdk.internal.reflect.NativeMethodAccessorImpl.invoke0(Native Method)
	at java.base/jdk.internal.reflect.NativeMethodAccessorImpl.invoke(NativeMethodAccessorImpl.java:77)
	at java.base/jdk.internal.reflect.DelegatingMethodAccessorImpl.invoke(DelegatingMethodAccessorImpl.java:43)
	at java.base/java.lang.reflect.Method.invoke(Method.java:568)
	at org.springframework.web.method.support.InvocableHandlerMethod.doInvoke(InvocableHandlerMethod.java:255)
	at org.springframework.web.method.support.InvocableHandlerMethod.invokeForRequest(InvocableHandlerMethod.java:188)
	at org.springframework.web.servlet.mvc.method.annotation.ServletInvocableHandlerMethod.invokeAndHandle(ServletInvocableHandlerMethod.java:118)
	at org.springframework.web.servlet.mvc.method.annotation.RequestMappingHandlerAdapter.invokeHandlerMethod(RequestMappingHandlerAdapter.java:926)
	at org.springframework.web.servlet.mvc.method.annotation.RequestMappingHandlerAdapter.handleInternal(RequestMappingHandlerAdapter.java:831)
	at org.springframework.web.servlet.mvc.method.AbstractHandlerMethodAdapter.handle(AbstractHandlerMethodAdapter.java:87)
	at org.springframework.web.servlet.DispatcherServlet.doDispatch(DispatcherServlet.java:1089)
	at org.springframework.web.servlet.DispatcherServlet.doService(DispatcherServlet.java:979)
	at org.springframework.web.servlet.FrameworkServlet.processRequest(FrameworkServlet.java:1014)
	at org.springframework.web.servlet.FrameworkServlet.doGet(FrameworkServlet.java:903)
	at jakarta.servlet.http.HttpServlet.service(HttpServlet.java:564)
	at org.springframework.web.servlet.FrameworkServlet.service(FrameworkServlet.java:885)
	at jakarta.servlet.http.HttpServlet.service(HttpServlet.java:658)
	at org.apache.catalina.core.ApplicationFilterChain.internalDoFilter(ApplicationFilterChain.java:195)
	at org.apache.catalina.core.ApplicationFilterChain.doFilter(ApplicationFilterChain.java:140)
	at org.apache.tomcat.websocket.server.WsFilter.doFilter(WsFilter.java:51)
	at org.apache.catalina.core.ApplicationFilterChain.internalDoFilter(ApplicationFilterChain.java:164)
	at org.apache.catalina.core.ApplicationFilterChain.doFilter(ApplicationFilterChain.java:140)
	at org.springframework.web.filter.RequestContextFilter.doFilterInternal(RequestContextFilter.java:100)
	at org.springframework.web.filter.OncePerRequestFilter.doFilter(OncePerRequestFilter.java:116)
	at org.apache.catalina.core.ApplicationFilterChain.internalDoFilter(ApplicationFilterChain.java:164)
	at org.apache.catalina.core.ApplicationFilterChain.doFilter(ApplicationFilterChain.java:140)
	at org.springframework.web.filter.FormContentFilter.doFilterInternal(FormContentFilter.java:93)
	at org.springframework.web.filter.OncePerRequestFilter.doFilter(OncePerRequestFilter.java:116)
	at org.apache.catalina.core.ApplicationFilterChain.internalDoFilter(ApplicationFilterChain.java:164)
	at org.apache.catalina.core.ApplicationFilterChain.doFilter(ApplicationFilterChain.java:140)
	at org.springframework.web.filter.CharacterEncodingFilter.doFilterInternal(CharacterEncodingFilter.java:201)
	at org.springframework.web.filter.OncePerRequestFilter.doFilter(OncePerRequestFilter.java:116)
	at org.apache.catalina.core.ApplicationFilterChain.internalDoFilter(ApplicationFilterChain.java:164)
	at org.apache.catalina.core.ApplicationFilterChain.doFilter(ApplicationFilterChain.java:140)
	at org.apache.catalina.core.StandardWrapperValve.invoke(StandardWrapperValve.java:167)
	at org.apache.catalina.core.StandardContextValve.invoke(StandardContextValve.java:90)
	at org.apache.catalina.authenticator.AuthenticatorBase.invoke(AuthenticatorBase.java:482)
	at org.apache.catalina.core.StandardHostValve.invoke(StandardHostValve.java:115)
	at org.apache.catalina.valves.ErrorReportValve.invoke(ErrorReportValve.java:93)
	at org.apache.catalina.core.StandardEngineValve.invoke(StandardEngineValve.java:74)
	at org.apache.catalina.connector.CoyoteAdapter.service(CoyoteAdapter.java:344)
	at org.apache.coyote.http11.Http11Processor.service(Http11Processor.java:389)
	at org.apache.coyote.AbstractProcessorLight.process(AbstractProcessorLight.java:63)
	at org.apache.coyote.AbstractProtocol$ConnectionHandler.process(AbstractProtocol.java:904)
	at org.apache.tomcat.util.net.NioEndpoint$SocketProcessor.doRun(NioEndpoint.java:1741)
	at org.apache.tomcat.util.net.SocketProcessorBase.run(SocketProcessorBase.java:52)
	at org.apache.tomcat.util.threads.ThreadPoolExecutor.runWorker(ThreadPoolExecutor.java:1190)
	at org.apache.tomcat.util.threads.ThreadPoolExecutor$Worker.run(ThreadPoolExecutor.java:659)
	at org.apache.tomcat.util.threads.TaskThread$WrappingRunnable.run(TaskThread.java:63)
	at java.base/java.lang.Thread.run(Thread.java:842)
2024-09-16  14:09:24 [scheduling-1] com.bookshop.book_shop_management.service.impl.ReactServiceIMPL INFO  c.b.b.service.impl.ReactServiceIMPL -  React Table Empty!
2024-09-16  14:09:24 [scheduling-1] com.bookshop.book_shop_management.service.impl.EmailServiceSchedule ERROR c.b.b.s.impl.EmailServiceSchedule -  There Is Not Valid Email
