2024-21-14  13:21:45 [background-preinit] org.hibernate.validator.internal.util.Version INFO  o.h.validator.internal.util.Version -  HV000001: Hibernate Validator 8.0.1.Final
2024-21-14  13:21:45 [main] org.springframework.boot.StartupInfoLogger INFO  c.b.b.BookShopManagementApplication -  Starting BookShopManagementApplication using Java 17.0.11 with PID 7332 (D:\SpringBootP\book-shop-management\target\classes started by Gyan  chathuranaga in D:\SpringBootP\book-shop-management)
2024-21-14  13:21:45 [main] org.springframework.boot.SpringApplication INFO  c.b.b.BookShopManagementApplication -  No active profile set, falling back to 1 default profile: "default"
2024-21-14  13:21:45 [main] org.springframework.data.repository.config.RepositoryConfigurationDelegate INFO  o.s.d.r.c.RepositoryConfigurationDelegate -  Bootstrapping Spring Data JPA repositories in DEFAULT mode.
2024-21-14  13:21:45 [main] org.springframework.data.repository.config.RepositoryConfigurationDelegate INFO  o.s.d.r.c.RepositoryConfigurationDelegate -  Finished Spring Data repository scanning in 45 ms. Found 4 JPA repository interfaces.
2024-21-14  13:21:46 [main] org.springframework.boot.web.embedded.tomcat.TomcatWebServer INFO  o.s.b.w.e.tomcat.TomcatWebServer -  Tomcat initialized with port 8083 (http)
2024-21-14  13:21:46 [main] org.apache.juli.logging.DirectJDKLog INFO  o.a.coyote.http11.Http11NioProtocol -  Initializing ProtocolHandler ["http-nio-8083"]
2024-21-14  13:21:46 [main] org.apache.juli.logging.DirectJDKLog INFO  o.a.catalina.core.StandardService -  Starting service [Tomcat]
2024-21-14  13:21:46 [main] org.apache.juli.logging.DirectJDKLog INFO  o.a.catalina.core.StandardEngine -  Starting Servlet engine: [Apache Tomcat/10.1.25]
2024-21-14  13:21:46 [main] org.apache.juli.logging.DirectJDKLog INFO  o.a.c.c.C.[Tomcat].[localhost].[/] -  Initializing Spring embedded WebApplicationContext
2024-21-14  13:21:46 [main] org.springframework.boot.web.servlet.context.ServletWebServerApplicationContext INFO  o.s.b.w.s.c.ServletWebServerApplicationContext -  Root WebApplicationContext: initialization completed in 1125 ms
2024-21-14  13:21:46 [main] org.hibernate.jpa.internal.util.LogHelper INFO  o.h.jpa.internal.util.LogHelper -  HHH000204: Processing PersistenceUnitInfo [name: default]
2024-21-14  13:21:46 [main] org.hibernate.Version INFO  org.hibernate.Version -  HHH000412: Hibernate ORM core version 6.4.9.Final
2024-21-14  13:21:46 [main] org.hibernate.cache.internal.RegionFactoryInitiator INFO  o.h.c.i.RegionFactoryInitiator -  HHH000026: Second-level cache disabled
2024-21-14  13:21:46 [main] org.springframework.orm.jpa.persistenceunit.SpringPersistenceUnitInfo INFO  o.s.o.j.p.SpringPersistenceUnitInfo -  No LoadTimeWeaver setup: ignoring JPA class transformer
2024-21-14  13:21:46 [main] com.zaxxer.hikari.HikariDataSource INFO  com.zaxxer.hikari.HikariDataSource -  HikariPool-1 - Starting...
2024-21-14  13:21:46 [main] com.zaxxer.hikari.pool.HikariPool INFO  com.zaxxer.hikari.pool.HikariPool -  HikariPool-1 - Added connection com.mysql.cj.jdbc.ConnectionImpl@eb1d475
2024-21-14  13:21:46 [main] com.zaxxer.hikari.HikariDataSource INFO  com.zaxxer.hikari.HikariDataSource -  HikariPool-1 - Start completed.
2024-21-14  13:21:46 [main] org.hibernate.engine.jdbc.dialect.internal.DialectFactoryImpl WARN  org.hibernate.orm.deprecation -  HHH90000025: MySQLDialect does not need to be specified explicitly using 'hibernate.dialect' (remove the property setting and it will be selected by default)
2024-21-14  13:21:47 [main] org.hibernate.engine.transaction.jta.platform.internal.JtaPlatformInitiator INFO  o.h.e.t.j.p.i.JtaPlatformInitiator -  HHH000489: No JTA platform available (set 'hibernate.transaction.jta.platform' to enable JTA platform integration)
2024-21-14  13:21:47 [main] org.springframework.orm.jpa.AbstractEntityManagerFactoryBean INFO  o.s.o.j.LocalContainerEntityManagerFactoryBean -  Initialized JPA EntityManagerFactory for persistence unit 'default'
2024-21-14  13:21:48 [main] org.springframework.data.jpa.repository.query.QueryEnhancerFactory INFO  o.s.d.j.r.query.QueryEnhancerFactory -  Hibernate is in classpath; If applicable, HQL parser will be used.
2024-21-14  13:21:48 [main] org.springframework.boot.autoconfigure.orm.jpa.JpaBaseConfiguration$JpaWebConfiguration WARN  o.s.b.a.o.j.JpaBaseConfiguration$JpaWebConfiguration -  spring.jpa.open-in-view is enabled by default. Therefore, database queries may be performed during view rendering. Explicitly configure spring.jpa.open-in-view to disable this warning
2024-21-14  13:21:48 [main] org.apache.juli.logging.DirectJDKLog INFO  o.a.coyote.http11.Http11NioProtocol -  Starting ProtocolHandler ["http-nio-8083"]
2024-21-14  13:21:48 [main] org.springframework.boot.web.embedded.tomcat.TomcatWebServer INFO  o.s.b.w.e.tomcat.TomcatWebServer -  Tomcat started on port 8083 (http) with context path ''
2024-21-14  13:21:48 [main] org.springframework.boot.StartupInfoLogger INFO  c.b.b.BookShopManagementApplication -  Started BookShopManagementApplication in 3.914 seconds (process running for 4.614)
2024-21-14  13:21:48 [scheduling-1] com.bookshop.book_shop_management.service.impl.ReactServiceIMPL INFO  c.b.b.service.impl.ReactServiceIMPL -  React Table Empty!
2024-21-14  13:21:48 [scheduling-1] com.bookshop.book_shop_management.service.impl.EmailServiceSchedule ERROR c.b.b.s.impl.EmailServiceSchedule -  There Is Not Valid Email
2024-21-14  13:21:48 [main] org.apache.commons.digester.Digester ERROR o.apache.commons.digester.Digester -  Parse Error at line 2 column 208: cvc-complex-type.3.2.2: Attribute 'uuid' is not allowed to appear in element 'jasperReport'.
org.xml.sax.SAXParseException: cvc-complex-type.3.2.2: Attribute 'uuid' is not allowed to appear in element 'jasperReport'.
	at java.xml/com.sun.org.apache.xerces.internal.util.ErrorHandlerWrapper.createSAXParseException(ErrorHandlerWrapper.java:204)
	at java.xml/com.sun.org.apache.xerces.internal.util.ErrorHandlerWrapper.error(ErrorHandlerWrapper.java:135)
	at java.xml/com.sun.org.apache.xerces.internal.impl.XMLErrorReporter.reportError(XMLErrorReporter.java:396)
	at java.xml/com.sun.org.apache.xerces.internal.impl.XMLErrorReporter.reportError(XMLErrorReporter.java:327)
	at java.xml/com.sun.org.apache.xerces.internal.impl.XMLErrorReporter.reportError(XMLErrorReporter.java:284)
	at java.xml/com.sun.org.apache.xerces.internal.impl.xs.XMLSchemaValidator$XSIErrorReporter.reportError(XMLSchemaValidator.java:512)
	at java.xml/com.sun.org.apache.xerces.internal.impl.xs.XMLSchemaValidator.reportSchemaError(XMLSchemaValidator.java:3596)
	at java.xml/com.sun.org.apache.xerces.internal.impl.xs.XMLSchemaValidator.processAttributes(XMLSchemaValidator.java:2993)
	at java.xml/com.sun.org.apache.xerces.internal.impl.xs.XMLSchemaValidator.handleStartElement(XMLSchemaValidator.java:2287)
	at java.xml/com.sun.org.apache.xerces.internal.impl.xs.XMLSchemaValidator.startElement(XMLSchemaValidator.java:830)
	at java.xml/com.sun.org.apache.xerces.internal.impl.XMLNSDocumentScannerImpl.scanStartElement(XMLNSDocumentScannerImpl.java:374)
	at java.xml/com.sun.org.apache.xerces.internal.impl.XMLNSDocumentScannerImpl$NSContentDriver.scanRootElementHook(XMLNSDocumentScannerImpl.java:613)
	at java.xml/com.sun.org.apache.xerces.internal.impl.XMLDocumentFragmentScannerImpl$FragmentContentDriver.next(XMLDocumentFragmentScannerImpl.java:3079)
	at java.xml/com.sun.org.apache.xerces.internal.impl.XMLDocumentScannerImpl$PrologDriver.next(XMLDocumentScannerImpl.java:836)
	at java.xml/com.sun.org.apache.xerces.internal.impl.XMLDocumentScannerImpl.next(XMLDocumentScannerImpl.java:605)
	at java.xml/com.sun.org.apache.xerces.internal.impl.XMLNSDocumentScannerImpl.next(XMLNSDocumentScannerImpl.java:112)
	at java.xml/com.sun.org.apache.xerces.internal.impl.XMLDocumentFragmentScannerImpl.scanDocument(XMLDocumentFragmentScannerImpl.java:542)
	at java.xml/com.sun.org.apache.xerces.internal.parsers.XML11Configuration.parse(XML11Configuration.java:889)
	at java.xml/com.sun.org.apache.xerces.internal.parsers.XML11Configuration.parse(XML11Configuration.java:825)
	at java.xml/com.sun.org.apache.xerces.internal.parsers.XMLParser.parse(XMLParser.java:141)
	at java.xml/com.sun.org.apache.xerces.internal.parsers.AbstractSAXParser.parse(AbstractSAXParser.java:1224)
	at java.xml/com.sun.org.apache.xerces.internal.jaxp.SAXParserImpl$JAXPSAXParser.parse(SAXParserImpl.java:637)
	at org.apache.commons.digester.Digester.parse(Digester.java:1892)
	at net.sf.jasperreports.engine.xml.JRXmlLoader.loadXML(JRXmlLoader.java:269)
	at net.sf.jasperreports.engine.xml.JRXmlLoader.loadXML(JRXmlLoader.java:256)
	at net.sf.jasperreports.engine.xml.JRXmlLoader.load(JRXmlLoader.java:245)
	at net.sf.jasperreports.engine.xml.JRXmlLoader.load(JRXmlLoader.java:207)
	at net.sf.jasperreports.engine.xml.JRXmlLoader.load(JRXmlLoader.java:185)
	at net.sf.jasperreports.engine.xml.JRXmlLoader.load(JRXmlLoader.java:176)
	at net.sf.jasperreports.engine.JasperCompileManager.compile(JasperCompileManager.java:289)
	at net.sf.jasperreports.engine.JasperCompileManager.compileReport(JasperCompileManager.java:576)
	at com.bookshop.book_shop_management.BookShopManagementApplication.main(BookShopManagementApplication.java:22)
2024-22-14  13:22:08 [scheduling-1] com.bookshop.book_shop_management.service.impl.ReactServiceIMPL INFO  c.b.b.service.impl.ReactServiceIMPL -  React Table Empty!
2024-22-14  13:22:08 [scheduling-1] com.bookshop.book_shop_management.service.impl.EmailServiceSchedule ERROR c.b.b.s.impl.EmailServiceSchedule -  There Is Not Valid Email
2024-22-14  13:22:26 [SpringApplicationShutdownHook] org.springframework.orm.jpa.AbstractEntityManagerFactoryBean INFO  o.s.o.j.LocalContainerEntityManagerFactoryBean -  Closing JPA EntityManagerFactory for persistence unit 'default'
2024-22-14  13:22:26 [SpringApplicationShutdownHook] com.zaxxer.hikari.HikariDataSource INFO  com.zaxxer.hikari.HikariDataSource -  HikariPool-1 - Shutdown initiated...
2024-22-14  13:22:26 [SpringApplicationShutdownHook] com.zaxxer.hikari.HikariDataSource INFO  com.zaxxer.hikari.HikariDataSource -  HikariPool-1 - Shutdown completed.
