2024-15-06  10:15:51 [background-preinit] org.hibernate.validator.internal.util.Version INFO  o.h.validator.internal.util.Version -  HV000001: Hibernate Validator 8.0.1.Final
2024-15-06  10:15:51 [main] org.springframework.boot.StartupInfoLogger INFO  c.b.b.BookShopManagementApplication -  Starting BookShopManagementApplication using Java 17.0.11 with PID 9452 (F:\Spring Boot\book-shop-management\target\classes started by DMGCD in F:\Spring Boot\book-shop-management)
2024-15-06  10:15:51 [main] org.springframework.boot.SpringApplication INFO  c.b.b.BookShopManagementApplication -  No active profile set, falling back to 1 default profile: "default"
2024-15-06  10:15:53 [main] org.springframework.data.repository.config.RepositoryConfigurationDelegate INFO  o.s.d.r.c.RepositoryConfigurationDelegate -  Bootstrapping Spring Data JPA repositories in DEFAULT mode.
2024-15-06  10:15:53 [main] org.springframework.data.repository.config.RepositoryConfigurationDelegate INFO  o.s.d.r.c.RepositoryConfigurationDelegate -  Finished Spring Data repository scanning in 109 ms. Found 4 JPA repository interfaces.
2024-15-06  10:15:54 [main] org.springframework.boot.web.embedded.tomcat.TomcatWebServer INFO  o.s.b.w.e.tomcat.TomcatWebServer -  Tomcat initialized with port 8083 (http)
2024-15-06  10:15:54 [main] org.apache.juli.logging.DirectJDKLog INFO  o.a.coyote.http11.Http11NioProtocol -  Initializing ProtocolHandler ["http-nio-8083"]
2024-15-06  10:15:54 [main] org.apache.juli.logging.DirectJDKLog INFO  o.a.catalina.core.StandardService -  Starting service [Tomcat]
2024-15-06  10:15:54 [main] org.apache.juli.logging.DirectJDKLog INFO  o.a.catalina.core.StandardEngine -  Starting Servlet engine: [Apache Tomcat/10.1.25]
2024-15-06  10:15:54 [main] org.apache.juli.logging.DirectJDKLog INFO  o.a.c.c.C.[Tomcat].[localhost].[/] -  Initializing Spring embedded WebApplicationContext
2024-15-06  10:15:54 [main] org.springframework.boot.web.servlet.context.ServletWebServerApplicationContext INFO  o.s.b.w.s.c.ServletWebServerApplicationContext -  Root WebApplicationContext: initialization completed in 2491 ms
2024-15-06  10:15:54 [main] org.hibernate.jpa.internal.util.LogHelper INFO  o.h.jpa.internal.util.LogHelper -  HHH000204: Processing PersistenceUnitInfo [name: default]
2024-15-06  10:15:54 [main] org.hibernate.Version INFO  org.hibernate.Version -  HHH000412: Hibernate ORM core version 6.4.9.Final
2024-15-06  10:15:54 [main] org.hibernate.cache.internal.RegionFactoryInitiator INFO  o.h.c.i.RegionFactoryInitiator -  HHH000026: Second-level cache disabled
2024-15-06  10:15:54 [main] org.springframework.orm.jpa.persistenceunit.SpringPersistenceUnitInfo INFO  o.s.o.j.p.SpringPersistenceUnitInfo -  No LoadTimeWeaver setup: ignoring JPA class transformer
2024-15-06  10:15:54 [main] com.zaxxer.hikari.HikariDataSource INFO  com.zaxxer.hikari.HikariDataSource -  HikariPool-1 - Starting...
2024-15-06  10:15:55 [main] com.zaxxer.hikari.pool.HikariPool INFO  com.zaxxer.hikari.pool.HikariPool -  HikariPool-1 - Added connection com.mysql.cj.jdbc.ConnectionImpl@6dbb3d7d
2024-15-06  10:15:55 [main] com.zaxxer.hikari.HikariDataSource INFO  com.zaxxer.hikari.HikariDataSource -  HikariPool-1 - Start completed.
2024-15-06  10:15:55 [main] org.hibernate.engine.jdbc.dialect.internal.DialectFactoryImpl WARN  org.hibernate.orm.deprecation -  HHH90000025: MySQLDialect does not need to be specified explicitly using 'hibernate.dialect' (remove the property setting and it will be selected by default)
2024-15-06  10:15:56 [main] org.hibernate.engine.transaction.jta.platform.internal.JtaPlatformInitiator INFO  o.h.e.t.j.p.i.JtaPlatformInitiator -  HHH000489: No JTA platform available (set 'hibernate.transaction.jta.platform' to enable JTA platform integration)
2024-15-06  10:15:56 [main] org.springframework.orm.jpa.AbstractEntityManagerFactoryBean INFO  o.s.o.j.LocalContainerEntityManagerFactoryBean -  Initialized JPA EntityManagerFactory for persistence unit 'default'
2024-15-06  10:15:56 [main] org.springframework.data.jpa.repository.query.QueryEnhancerFactory INFO  o.s.d.j.r.query.QueryEnhancerFactory -  Hibernate is in classpath; If applicable, HQL parser will be used.
2024-15-06  10:15:57 [main] org.springframework.boot.autoconfigure.orm.jpa.JpaBaseConfiguration$JpaWebConfiguration WARN  o.s.b.a.o.j.JpaBaseConfiguration$JpaWebConfiguration -  spring.jpa.open-in-view is enabled by default. Therefore, database queries may be performed during view rendering. Explicitly configure spring.jpa.open-in-view to disable this warning
2024-15-06  10:15:57 [main] org.springframework.boot.autoconfigure.security.servlet.UserDetailsServiceAutoConfiguration WARN  o.s.b.a.s.s.UserDetailsServiceAutoConfiguration -  

Using generated security password: a49df034-7fca-4d0b-a943-3fc65778f25e

This generated password is for development use only. Your security configuration must be updated before running your application in production.

2024-15-06  10:15:57 [main] org.springframework.security.web.DefaultSecurityFilterChain INFO  o.s.s.web.DefaultSecurityFilterChain -  Will secure any request with [org.springframework.security.web.session.DisableEncodeUrlFilter@4bd7e0b6, org.springframework.security.web.context.request.async.WebAsyncManagerIntegrationFilter@2cbc0224, org.springframework.security.web.context.SecurityContextHolderFilter@37f687c1, org.springframework.security.web.header.HeaderWriterFilter@2527765a, org.springframework.web.filter.CorsFilter@4fc9e73d, org.springframework.security.web.csrf.CsrfFilter@7baf7a9d, org.springframework.security.web.authentication.logout.LogoutFilter@65f8933b, org.springframework.security.web.authentication.UsernamePasswordAuthenticationFilter@67c020c8, org.springframework.security.web.authentication.ui.DefaultLoginPageGeneratingFilter@7e3b101b, org.springframework.security.web.authentication.ui.DefaultLogoutPageGeneratingFilter@2ca3a203, org.springframework.security.web.authentication.www.BasicAuthenticationFilter@63f08f9f, org.springframework.security.web.savedrequest.RequestCacheAwareFilter@6237927a, org.springframework.security.web.servletapi.SecurityContextHolderAwareRequestFilter@2850fe85, org.springframework.security.web.authentication.AnonymousAuthenticationFilter@58052571, org.springframework.security.web.access.ExceptionTranslationFilter@41030c21, org.springframework.security.web.access.intercept.AuthorizationFilter@6b8f1c62]
2024-15-06  10:15:58 [main] org.apache.juli.logging.DirectJDKLog INFO  o.a.coyote.http11.Http11NioProtocol -  Starting ProtocolHandler ["http-nio-8083"]
2024-15-06  10:15:58 [main] org.springframework.boot.web.embedded.tomcat.TomcatWebServer INFO  o.s.b.w.e.tomcat.TomcatWebServer -  Tomcat started on port 8083 (http) with context path ''
2024-15-06  10:15:58 [main] org.springframework.boot.StartupInfoLogger INFO  c.b.b.BookShopManagementApplication -  Started BookShopManagementApplication in 7.429 seconds (process running for 9.768)
2024-17-06  10:17:42 [http-nio-8083-exec-2] org.apache.juli.logging.DirectJDKLog INFO  o.a.c.c.C.[Tomcat].[localhost].[/] -  Initializing Spring DispatcherServlet 'dispatcherServlet'
2024-17-06  10:17:42 [http-nio-8083-exec-2] org.springframework.web.servlet.FrameworkServlet INFO  o.s.web.servlet.DispatcherServlet -  Initializing Servlet 'dispatcherServlet'
2024-17-06  10:17:42 [http-nio-8083-exec-2] org.springframework.web.servlet.FrameworkServlet INFO  o.s.web.servlet.DispatcherServlet -  Completed initialization in 1 ms
2024-49-06  10:49:10 [SpringApplicationShutdownHook] org.springframework.orm.jpa.AbstractEntityManagerFactoryBean INFO  o.s.o.j.LocalContainerEntityManagerFactoryBean -  Closing JPA EntityManagerFactory for persistence unit 'default'
2024-49-06  10:49:10 [SpringApplicationShutdownHook] com.zaxxer.hikari.HikariDataSource INFO  com.zaxxer.hikari.HikariDataSource -  HikariPool-1 - Shutdown initiated...
2024-49-06  10:49:10 [SpringApplicationShutdownHook] com.zaxxer.hikari.HikariDataSource INFO  com.zaxxer.hikari.HikariDataSource -  HikariPool-1 - Shutdown completed.
2024-49-06  10:49:14 [background-preinit] org.hibernate.validator.internal.util.Version INFO  o.h.validator.internal.util.Version -  HV000001: Hibernate Validator 8.0.1.Final
2024-49-06  10:49:14 [main] org.springframework.boot.StartupInfoLogger INFO  c.b.b.BookShopManagementApplication -  Starting BookShopManagementApplication using Java 17.0.11 with PID 20736 (F:\Spring Boot\book-shop-management\target\classes started by DMGCD in F:\Spring Boot\book-shop-management)
2024-49-06  10:49:14 [main] org.springframework.boot.SpringApplication INFO  c.b.b.BookShopManagementApplication -  No active profile set, falling back to 1 default profile: "default"
2024-49-06  10:49:15 [main] org.springframework.data.repository.config.RepositoryConfigurationDelegate INFO  o.s.d.r.c.RepositoryConfigurationDelegate -  Bootstrapping Spring Data JPA repositories in DEFAULT mode.
2024-49-06  10:49:15 [main] org.springframework.data.repository.config.RepositoryConfigurationDelegate INFO  o.s.d.r.c.RepositoryConfigurationDelegate -  Finished Spring Data repository scanning in 53 ms. Found 4 JPA repository interfaces.
2024-49-06  10:49:16 [main] org.springframework.boot.web.embedded.tomcat.TomcatWebServer INFO  o.s.b.w.e.tomcat.TomcatWebServer -  Tomcat initialized with port 8083 (http)
2024-49-06  10:49:16 [main] org.apache.juli.logging.DirectJDKLog INFO  o.a.coyote.http11.Http11NioProtocol -  Initializing ProtocolHandler ["http-nio-8083"]
2024-49-06  10:49:16 [main] org.apache.juli.logging.DirectJDKLog INFO  o.a.catalina.core.StandardService -  Starting service [Tomcat]
2024-49-06  10:49:16 [main] org.apache.juli.logging.DirectJDKLog INFO  o.a.catalina.core.StandardEngine -  Starting Servlet engine: [Apache Tomcat/10.1.25]
2024-49-06  10:49:16 [main] org.apache.juli.logging.DirectJDKLog INFO  o.a.c.c.C.[Tomcat].[localhost].[/] -  Initializing Spring embedded WebApplicationContext
2024-49-06  10:49:16 [main] org.springframework.boot.web.servlet.context.ServletWebServerApplicationContext INFO  o.s.b.w.s.c.ServletWebServerApplicationContext -  Root WebApplicationContext: initialization completed in 1530 ms
2024-49-06  10:49:16 [main] org.hibernate.jpa.internal.util.LogHelper INFO  o.h.jpa.internal.util.LogHelper -  HHH000204: Processing PersistenceUnitInfo [name: default]
2024-49-06  10:49:16 [main] org.hibernate.Version INFO  org.hibernate.Version -  HHH000412: Hibernate ORM core version 6.4.9.Final
2024-49-06  10:49:16 [main] org.hibernate.cache.internal.RegionFactoryInitiator INFO  o.h.c.i.RegionFactoryInitiator -  HHH000026: Second-level cache disabled
2024-49-06  10:49:17 [main] org.springframework.orm.jpa.persistenceunit.SpringPersistenceUnitInfo INFO  o.s.o.j.p.SpringPersistenceUnitInfo -  No LoadTimeWeaver setup: ignoring JPA class transformer
2024-49-06  10:49:17 [main] com.zaxxer.hikari.HikariDataSource INFO  com.zaxxer.hikari.HikariDataSource -  HikariPool-1 - Starting...
2024-49-06  10:49:17 [main] com.zaxxer.hikari.pool.HikariPool INFO  com.zaxxer.hikari.pool.HikariPool -  HikariPool-1 - Added connection com.mysql.cj.jdbc.ConnectionImpl@5d68954d
2024-49-06  10:49:17 [main] com.zaxxer.hikari.HikariDataSource INFO  com.zaxxer.hikari.HikariDataSource -  HikariPool-1 - Start completed.
2024-49-06  10:49:17 [main] org.hibernate.engine.jdbc.dialect.internal.DialectFactoryImpl WARN  org.hibernate.orm.deprecation -  HHH90000025: MySQLDialect does not need to be specified explicitly using 'hibernate.dialect' (remove the property setting and it will be selected by default)
2024-49-06  10:49:18 [main] org.hibernate.engine.transaction.jta.platform.internal.JtaPlatformInitiator INFO  o.h.e.t.j.p.i.JtaPlatformInitiator -  HHH000489: No JTA platform available (set 'hibernate.transaction.jta.platform' to enable JTA platform integration)
2024-49-06  10:49:18 [main] org.springframework.orm.jpa.AbstractEntityManagerFactoryBean INFO  o.s.o.j.LocalContainerEntityManagerFactoryBean -  Initialized JPA EntityManagerFactory for persistence unit 'default'
2024-49-06  10:49:18 [main] org.springframework.data.jpa.repository.query.QueryEnhancerFactory INFO  o.s.d.j.r.query.QueryEnhancerFactory -  Hibernate is in classpath; If applicable, HQL parser will be used.
2024-49-06  10:49:18 [main] org.springframework.boot.autoconfigure.orm.jpa.JpaBaseConfiguration$JpaWebConfiguration WARN  o.s.b.a.o.j.JpaBaseConfiguration$JpaWebConfiguration -  spring.jpa.open-in-view is enabled by default. Therefore, database queries may be performed during view rendering. Explicitly configure spring.jpa.open-in-view to disable this warning
2024-49-06  10:49:19 [main] org.springframework.boot.autoconfigure.security.servlet.UserDetailsServiceAutoConfiguration WARN  o.s.b.a.s.s.UserDetailsServiceAutoConfiguration -  

Using generated security password: 5381548a-f15d-4a4c-bd3d-0f07d428a814

This generated password is for development use only. Your security configuration must be updated before running your application in production.

2024-49-06  10:49:19 [main] org.springframework.security.web.DefaultSecurityFilterChain INFO  o.s.s.web.DefaultSecurityFilterChain -  Will secure any request with [org.springframework.security.web.session.DisableEncodeUrlFilter@5aa0e9c6, org.springframework.security.web.context.request.async.WebAsyncManagerIntegrationFilter@57dd4bc9, org.springframework.security.web.context.SecurityContextHolderFilter@399ac1a3, org.springframework.security.web.header.HeaderWriterFilter@105e8710, org.springframework.web.filter.CorsFilter@47897093, org.springframework.security.web.csrf.CsrfFilter@41030c21, org.springframework.security.web.authentication.logout.LogoutFilter@66464f27, org.springframework.security.web.authentication.UsernamePasswordAuthenticationFilter@58052571, org.springframework.security.web.authentication.ui.DefaultLoginPageGeneratingFilter@4ff3ca23, org.springframework.security.web.authentication.ui.DefaultLogoutPageGeneratingFilter@33e19be9, org.springframework.security.web.authentication.www.BasicAuthenticationFilter@4b38d912, org.springframework.security.web.savedrequest.RequestCacheAwareFilter@3c48bbf3, org.springframework.security.web.servletapi.SecurityContextHolderAwareRequestFilter@25bfc558, org.springframework.security.web.authentication.AnonymousAuthenticationFilter@6ed2aa8a, org.springframework.security.web.access.ExceptionTranslationFilter@16817bad, org.springframework.security.web.access.intercept.AuthorizationFilter@2ca3a203]
2024-49-06  10:49:19 [main] org.apache.juli.logging.DirectJDKLog INFO  o.a.coyote.http11.Http11NioProtocol -  Starting ProtocolHandler ["http-nio-8083"]
2024-49-06  10:49:19 [main] org.springframework.boot.web.embedded.tomcat.TomcatWebServer INFO  o.s.b.w.e.tomcat.TomcatWebServer -  Tomcat started on port 8083 (http) with context path ''
2024-49-06  10:49:19 [main] org.springframework.boot.StartupInfoLogger INFO  c.b.b.BookShopManagementApplication -  Started BookShopManagementApplication in 5.346 seconds (process running for 6.441)
2024-49-06  10:49:28 [http-nio-8083-exec-1] org.apache.juli.logging.DirectJDKLog INFO  o.a.c.c.C.[Tomcat].[localhost].[/] -  Initializing Spring DispatcherServlet 'dispatcherServlet'
2024-49-06  10:49:28 [http-nio-8083-exec-1] org.springframework.web.servlet.FrameworkServlet INFO  o.s.web.servlet.DispatcherServlet -  Initializing Servlet 'dispatcherServlet'
2024-49-06  10:49:28 [http-nio-8083-exec-1] org.springframework.web.servlet.FrameworkServlet INFO  o.s.web.servlet.DispatcherServlet -  Completed initialization in 1 ms
